<?xml version="1.0" encoding="UTF-8"?>
<!-- Generated by org.testng.reporters.JUnitReportReporter -->
<testsuite hostname="LAPTOP-K1H4386L" failures="0" tests="1" name="com.crm.PRACTICE.EaseMyTripCalenderTest" time="7.408" errors="0" timestamp="2022-03-10T10:43:03 IST" skipped="0">
  <testcase classname="com.crm.PRACTICE.EaseMyTripCalenderTest" name="calender" time="7.408"/>
  <system-out/>
</testsuite> <!-- com.crm.PRACTICE.EaseMyTripCalenderTest -->
