<?xml version="1.0" encoding="UTF-8"?>
<!-- Generated by org.testng.reporters.JUnitReportReporter -->
<testsuite hostname="LAPTOP-K1H4386L" failures="0" tests="1" name="com.crm.PRACTICE.SelectAnyDateFromCalenderTest" time="14.963" errors="0" timestamp="2022-03-09T14:54:11 IST" skipped="0">
  <testcase classname="com.crm.PRACTICE.SelectAnyDateFromCalenderTest" name="calender" time="14.963"/>
  <system-out/>
</testsuite> <!-- com.crm.PRACTICE.SelectAnyDateFromCalenderTest -->
