<?xml version="1.0" encoding="UTF-8"?>
<!-- Generated by org.testng.reporters.JUnitReportReporter -->
<testsuite hostname="LAPTOP-K1H4386L" failures="0" tests="1" name="com.crm.PRACTICE.PracticeRetryAnalyser" time="0.008" errors="0" timestamp="2022-03-04T12:20:10 IST" skipped="0">
  <testcase classname="com.crm.PRACTICE.PracticeRetryAnalyser" name="practiceRetry" time="0.008"/>
  <system-out/>
</testsuite> <!-- com.crm.PRACTICE.PracticeRetryAnalyser -->
