<?xml version="1.0" encoding="UTF-8"?>
<!-- Generated by org.testng.reporters.JUnitReportReporter -->
<testsuite hostname="LAPTOP-K1H4386L" failures="0" tests="1" name="com.crm.PRACTICE.SelectNextMonthDateTest" time="8.187" errors="0" timestamp="2022-03-09T15:16:50 IST" skipped="0">
  <testcase classname="com.crm.PRACTICE.SelectNextMonthDateTest" name="calender" time="8.187"/>
  <system-out/>
</testsuite> <!-- com.crm.PRACTICE.SelectNextMonthDateTest -->
