<?xml version="1.0" encoding="UTF-8"?>
<!-- Generated by org.testng.reporters.JUnitReportReporter -->
<testsuite hostname="LAPTOP-K1H4386L" failures="0" tests="1" name="com.crm.PRACTICE.SelectAnyDateGoibiboCalenderTest" time="6.996" errors="0" timestamp="2022-03-09T16:08:24 IST" skipped="0">
  <testcase classname="com.crm.PRACTICE.SelectAnyDateGoibiboCalenderTest" name="calender" time="6.996"/>
  <system-out/>
</testsuite> <!-- com.crm.PRACTICE.SelectAnyDateGoibiboCalenderTest -->
