<?xml version="1.0" encoding="UTF-8"?>
<!-- Generated by org.testng.reporters.JUnitReportReporter -->
<testsuite hostname="LAPTOP-K1H4386L" failures="0" tests="1" name="com.crm.PRACTICE.POMPracticeForLogin" time="11.883" errors="0" timestamp="2022-03-04T14:53:02 IST" skipped="0">
  <testcase classname="com.crm.PRACTICE.POMPracticeForLogin" name="pomPractice" time="11.883"/>
  <system-out/>
</testsuite> <!-- com.crm.PRACTICE.POMPracticeForLogin -->
