<?xml version="1.0" encoding="UTF-8"?>
<!-- Generated by org.testng.reporters.JUnitReportReporter -->
<testsuite hostname="LAPTOP-K1H4386L" failures="0" tests="1" name="com.crm.OrgenizationTest.CreateOrganizationTest" time="10.331" errors="0" timestamp="2022-03-03T00:59:36 IST" skipped="0">
  <testcase classname="com.crm.OrgenizationTest.CreateOrganizationTest" name="CreateOrganizationTest" time="10.331"/>
  <system-out/>
</testsuite> <!-- com.crm.OrgenizationTest.CreateOrganizationTest -->
