<?xml version="1.0" encoding="UTF-8"?>
<!-- Generated by org.testng.reporters.JUnitReportReporter -->
<testsuite hostname="LAPTOP-K1H4386L" failures="0" tests="1" name="com.crm.PRACTICE.PropertyFilePractice" time="0.007" errors="0" timestamp="2022-02-20T11:40:33 IST" skipped="0">
  <testcase classname="com.crm.PRACTICE.PropertyFilePractice" name="propertyFile" time="0.007"/>
  <system-out/>
</testsuite> <!-- com.crm.PRACTICE.PropertyFilePractice -->
