<?xml version="1.0" encoding="UTF-8"?>
<!-- Generated by org.testng.reporters.JUnitReportReporter -->
<testsuite hostname="LAPTOP-K1H4386L" failures="0" tests="1" name="com.crm.PRACTICE.ReadDataFromSuiteXMLfileTest" time="0.007" errors="0" timestamp="2022-03-02T19:28:13 IST" skipped="0">
  <testcase classname="com.crm.PRACTICE.ReadDataFromSuiteXMLfileTest" name="readDataFromXML" time="0.007"/>
  <system-out/>
</testsuite> <!-- com.crm.PRACTICE.ReadDataFromSuiteXMLfileTest -->
