<?xml version="1.0" encoding="UTF-8"?>
<!-- Generated by org.testng.reporters.JUnitReportReporter -->
<testsuite hostname="LAPTOP-K1H4386L" failures="0" tests="1" name="com.crm.OrgenizationTest.CreateOrganizationWithIndustryTypeTestWithPOM" time="15.736" errors="0" timestamp="2022-02-24T16:20:37 IST" skipped="0">
  <testcase classname="com.crm.OrgenizationTest.CreateOrganizationWithIndustryTypeTestWithPOM" name="CreateOrganizationWithIndustryTypeTestWithPOM" time="15.736"/>
  <system-out/>
</testsuite> <!-- com.crm.OrgenizationTest.CreateOrganizationWithIndustryTypeTestWithPOM -->
