<?xml version="1.0" encoding="UTF-8"?>
<!-- Generated by org.testng.reporters.JUnitReportReporter -->
<testsuite hostname="LAPTOP-K1H4386L" failures="0" tests="1" name="com.crm.PRACTICE.raedingTest" time="0.529" errors="0" timestamp="2022-02-17T16:38:14 IST" skipped="0">
  <testcase classname="com.crm.PRACTICE.raedingTest" name="readTest" time="0.529"/>
  <system-out/>
</testsuite> <!-- com.crm.PRACTICE.raedingTest -->
