<?xml version="1.0" encoding="UTF-8"?>
<!-- Generated by org.testng.reporters.JUnitReportReporter -->
<testsuite hostname="LAPTOP-K1H4386L" failures="0" tests="1" name="com.crm.PRACTICE.POMPracticeForLogin" time="8.052" errors="0" timestamp="2022-02-23T23:21:10 IST" skipped="0">
  <testcase classname="com.crm.PRACTICE.POMPracticeForLogin" name="pomPractice" time="8.052"/>
  <system-out/>
</testsuite> <!-- com.crm.PRACTICE.POMPracticeForLogin -->
