<?xml version="1.0" encoding="UTF-8"?>
<!-- Generated by org.testng.reporters.JUnitReportReporter -->
<testsuite hostname="LAPTOP-K1H4386L" failures="0" tests="2" name="com.crm.PRACTICE.BaseClassPractice" time="0.005" errors="0" timestamp="2022-03-02T08:26:19 IST" skipped="0">
  <testcase classname="com.crm.PRACTICE.BaseClassPractice" name="actualTest" time="0.004"/>
  <system-out/>
  <testcase classname="com.crm.PRACTICE.BaseClassPractice" name="actualTest1" time="0.001"/>
  <system-out/>
</testsuite> <!-- com.crm.PRACTICE.BaseClassPractice -->
