<?xml version="1.0" encoding="UTF-8"?>
<!-- Generated by org.testng.reporters.JUnitReportReporter -->
<testsuite hostname="LAPTOP-K1H4386L" failures="0" tests="8" name="com.crm.TestNG.CreateOrgWithIndType" time="123.456" errors="0" timestamp="2022-03-01T14:57:20 IST" skipped="0">
  <testcase classname="com.crm.TestNG.CreateOrgWithIndType" name="createOrgWithMltipleData" time="15.080"/>
  <system-out>
    <![CDATA[login successful
navigated to org link
click on create org link
create org with insustry type
verification successful]]>
  </system-out>
  <testcase classname="com.crm.TestNG.CreateOrgWithIndType" name="createOrgWithMltipleData" time="15.651"/>
  <system-out>
    <![CDATA[login successful
navigated to org link
click on create org link
create org with insustry type
verification successful]]>
  </system-out>
  <testcase classname="com.crm.TestNG.CreateOrgWithIndType" name="createOrgWithMltipleData" time="15.373"/>
  <system-out>
    <![CDATA[login successful
navigated to org link
click on create org link
create org with insustry type
verification successful]]>
  </system-out>
  <testcase classname="com.crm.TestNG.CreateOrgWithIndType" name="createOrgWithMltipleData" time="16.105"/>
  <system-out>
    <![CDATA[login successful
navigated to org link
click on create org link
create org with insustry type
verification successful]]>
  </system-out>
  <testcase classname="com.crm.TestNG.CreateOrgWithIndType" name="createOrgWithMltipleData" time="15.406"/>
  <system-out>
    <![CDATA[login successful
navigated to org link
click on create org link
create org with insustry type
verification successful]]>
  </system-out>
  <testcase classname="com.crm.TestNG.CreateOrgWithIndType" name="createOrgWithMltipleData" time="15.182"/>
  <system-out>
    <![CDATA[login successful
navigated to org link
click on create org link
create org with insustry type
verification successful]]>
  </system-out>
  <testcase classname="com.crm.TestNG.CreateOrgWithIndType" name="createOrgWithMltipleData" time="15.797"/>
  <system-out>
    <![CDATA[login successful
navigated to org link
click on create org link
create org with insustry type
verification successful]]>
  </system-out>
  <testcase classname="com.crm.TestNG.CreateOrgWithIndType" name="createOrgWithMltipleData" time="14.862"/>
  <system-out>
    <![CDATA[login successful
navigated to org link
click on create org link
create org with insustry type
verification successful]]>
  </system-out>
</testsuite> <!-- com.crm.TestNG.CreateOrgWithIndType -->
