<?xml version="1.0" encoding="UTF-8"?>
<!-- Generated by org.testng.reporters.JUnitReportReporter -->
<testsuite hostname="LAPTOP-K1H4386L" failures="0" tests="3" name="com.crm.PRACTICE.PracticeTestNG" time="0.008" errors="0" timestamp="2022-02-28T12:42:14 IST" skipped="0">
  <testcase classname="com.crm.PRACTICE.PracticeTestNG" name="createOrg" time="0.007"/>
  <system-out/>
  <testcase classname="com.crm.PRACTICE.PracticeTestNG" name="nodifyOrg" time="0.000"/>
  <system-out/>
  <testcase classname="com.crm.PRACTICE.PracticeTestNG" name="deleteOrg" time="0.001"/>
  <system-out/>
</testsuite> <!-- com.crm.PRACTICE.PracticeTestNG -->
